<?xml version="1.0" encoding="UTF-8" ?>
<testsuite tests="17" failures="0" name="LithuanianNationalIdValidatorTest" time="0.032" errors="0" skipped="0">
  <properties>
[...]
</properties>
  <testcase classname="LithuanianNationalIdValidatorTest" name="validateLength_LengthLessThan11_False" time="0"/>
  <testcase classname="LithuanianNationalIdValidatorTest" name="centuryFromIdFirstDigit_FirstDigit5or6_21" time="0"/>
  <testcase classname="LithuanianNationalIdValidatorTest" name="validateControlDigit_IDWithIncorrectLastDigit_False" time="0"/>
  <testcase classname="LithuanianNationalIdValidatorTest" name="validateGender_FemaleID_True" time="0"/>
  <testcase classname="LithuanianNationalIdValidatorTest" name="validateBirthDate_BirthDate000000_True" time="0"/>
  <testcase classname="LithuanianNationalIdValidatorTest" name="centuryFromIdFirstDigit_FirstDigitWrong_00" time="0"/>
  <testcase classname="LithuanianNationalIdValidatorTest" name="calculateControlDigitSum_GivenValidId_ShouldBeEqualsTo283" time="0"/>
  <testcase classname="LithuanianNationalIdValidatorTest" name="validateControlDigit_IDWithCorrectLastDigit_True" time="0"/>
  <testcase classname="LithuanianNationalIdValidatorTest" name="validateLength_ValidLength_True" time="0"/>
  <testcase classname="LithuanianNationalIdValidatorTest" name="validateLength_LengthMoreThan11_False" time="0"/>
  <testcase classname="LithuanianNationalIdValidatorTest" name="validateID_ValidID_True" time="0.032"/>
  <testcase classname="LithuanianNationalIdValidatorTest" name="validateBirthDate_IDWithInvalidBirthDate_False" time="0"/>
  <testcase classname="LithuanianNationalIdValidatorTest" name="validateID_InvalidID_False" time="0"/>
  <testcase classname="LithuanianNationalIdValidatorTest" name="validateGender_MaleID_True" time="0"/>
  <testcase classname="LithuanianNationalIdValidatorTest" name="centuryFromIdFirstDigit_FirstDigit3or4_20" time="0"/>
  <testcase classname="LithuanianNationalIdValidatorTest" name="validateGender_WrongGenderNumber_False" time="0"/>
  <testcase classname="LithuanianNationalIdValidatorTest" name="validateBirthDate_IDWithValidBirthDate_True" time="0"/>
</testsuite>